<?xml version="1.0" encoding="UTF-8"?>
<!-- Generated by org.testng.reporters.JUnitXMLReporter -->
<testsuite ignored="0" hostname="Ihsan-Legion5" failures="0"
	tests="4" name="Test" time="0.052" errors="0"
	timestamp="2021-03-15T16:48:52 MYT">
	<testcase classname="MavenTutorial.MavenJava.SeleniumTest"
		name="BrowserAutomation" time="0.009" />
	<testcase classname="MavenTutorial.MavenJava.SeleniumTest"
		name="ElementsUI" time="0.002" />
	<testcase classname="MavenTutorial.MavenJava.AppiumTest"
		name="NativeAndroid" time="0.001" />
	<testcase classname="MavenTutorial.MavenJava.AppiumTest"
		name="iOSApps" time="0.001" />
</testsuite> <!-- Test -->
