<?xml version="1.0" encoding="UTF-8"?>
<!-- Generated by org.testng.reporters.JUnitXMLReporter -->
<testsuite hostname="Ihsan-Legion5" ignored="0" name="Test" tests="4" failures="0" timestamp="2021-03-15T17:31:57 SGT" time="0.041" errors="0">
  <testcase name="BrowserAutomation" time="0.005" classname="MavenTutorial.MavenJava.SeleniumTest"/>
  <testcase name="ElementsUI" time="0.0" classname="MavenTutorial.MavenJava.SeleniumTest"/>
  <testcase name="NativeAndroid" time="0.0" classname="MavenTutorial.MavenJava.AppiumTest"/>
  <testcase name="iOSApps" time="0.0" classname="MavenTutorial.MavenJava.AppiumTest"/>
</testsuite> <!-- Test -->
