<?xml version="1.0" encoding="UTF-8"?>
<testng-results skipped="0" failed="0" ignored="0" total="4" passed="4">
  <reporter-output>
  </reporter-output>
  <suite name="Suite" duration-ms="41" started-at="2021-03-15T17:31:57 SGT" finished-at="2021-03-15T17:31:57 SGT">
    <groups>
    </groups>
    <test name="Test" duration-ms="41" started-at="2021-03-15T17:31:57 SGT" finished-at="2021-03-15T17:31:57 SGT">
      <class name="MavenTutorial.MavenJava.SeleniumTest">
        <test-method status="PASS" signature="BrowserAutomation()[pri:0, instance:MavenTutorial.MavenJava.SeleniumTest@4bec1f0c]" name="BrowserAutomation" duration-ms="5" started-at="2021-03-15T17:31:57 SGT" finished-at="2021-03-15T17:31:57 SGT">
          <reporter-output>
          </reporter-output>
        </test-method> <!-- BrowserAutomation -->
        <test-method status="PASS" signature="ElementsUI()[pri:0, instance:MavenTutorial.MavenJava.SeleniumTest@4bec1f0c]" name="ElementsUI" duration-ms="0" started-at="2021-03-15T17:31:57 SGT" finished-at="2021-03-15T17:31:57 SGT">
          <reporter-output>
          </reporter-output>
        </test-method> <!-- ElementsUI -->
      </class> <!-- MavenTutorial.MavenJava.SeleniumTest -->
      <class name="MavenTutorial.MavenJava.AppiumTest">
        <test-method status="PASS" signature="NativeAndroid()[pri:0, instance:MavenTutorial.MavenJava.AppiumTest@29ca901e]" name="NativeAndroid" duration-ms="0" started-at="2021-03-15T17:31:57 SGT" finished-at="2021-03-15T17:31:57 SGT">
          <reporter-output>
          </reporter-output>
        </test-method> <!-- NativeAndroid -->
        <test-method status="PASS" signature="iOSApps()[pri:0, instance:MavenTutorial.MavenJava.AppiumTest@29ca901e]" name="iOSApps" duration-ms="0" started-at="2021-03-15T17:31:57 SGT" finished-at="2021-03-15T17:31:57 SGT">
          <reporter-output>
          </reporter-output>
        </test-method> <!-- iOSApps -->
      </class> <!-- MavenTutorial.MavenJava.AppiumTest -->
    </test> <!-- Test -->
  </suite> <!-- Suite -->
</testng-results>
