<?xml version="1.0" encoding="UTF-8"?>
<testng-results ignored="0" total="2" passed="2" failed="0" skipped="0">
  <reporter-output>
  </reporter-output>
  <suite started-at="2021-03-15T16:58:33 MYT" name="Default suite" finished-at="2021-03-15T16:58:33 MYT" duration-ms="49">
    <groups>
    </groups>
    <test started-at="2021-03-15T16:58:33 MYT" name="Default test" finished-at="2021-03-15T16:58:33 MYT" duration-ms="49">
      <class name="MavenTutorial.MavenJava.APITest">
        <test-method signature="DeleteTwitter()[pri:0, instance:MavenTutorial.MavenJava.APITest@71c3b41]" started-at="2021-03-15T16:58:33 MYT" name="DeleteTwitter" finished-at="2021-03-15T16:58:33 MYT" duration-ms="10" status="PASS">
          <reporter-output>
          </reporter-output>
        </test-method> <!-- DeleteTwitter -->
        <test-method signature="postJira()[pri:0, instance:MavenTutorial.MavenJava.APITest@71c3b41]" started-at="2021-03-15T16:58:33 MYT" name="postJira" finished-at="2021-03-15T16:58:33 MYT" duration-ms="1" status="PASS">
          <reporter-output>
          </reporter-output>
        </test-method> <!-- postJira -->
      </class> <!-- MavenTutorial.MavenJava.APITest -->
    </test> <!-- Default test -->
  </suite> <!-- Default suite -->
</testng-results>
